2026-05-13 08:24:32 [background-preinit] INFO  o.h.validator.internal.util.Version - HV000001: Hibernate Validator 8.0.1.Final
2026-05-13 08:24:32 [main] INFO  com.qims.web.QualityApplication - Starting QualityApplication using Java 17.0.11 with PID 25536 (E:\code\质量检测管理系统技术方案-QIMS\QIMS-backend\quality-web\target\classes started by Administrator in E:\code\质量检测管理系统技术方案-QIMS\QIMS-backend\quality-web)
2026-05-13 08:24:32 [main] DEBUG com.qims.web.QualityApplication - Running with Spring Boot v3.2.5, Spring v6.1.6
2026-05-13 08:24:32 [main] INFO  com.qims.web.QualityApplication - No active profile set, falling back to 1 default profile: "default"
2026-05-13 08:24:33 [main] WARN  o.m.s.mapper.ClassPathMapperScanner - Skipping MapperFactoryBean with name 'departmentMapper' and 'com.qims.domain.mapper.DepartmentMapper' mapperInterface. Bean already defined with the same name!
2026-05-13 08:24:33 [main] WARN  o.m.s.mapper.ClassPathMapperScanner - Skipping MapperFactoryBean with name 'implementationFeedbackMapper' and 'com.qims.domain.mapper.ImplementationFeedbackMapper' mapperInterface. Bean already defined with the same name!
2026-05-13 08:24:33 [main] WARN  o.m.s.mapper.ClassPathMapperScanner - Skipping MapperFactoryBean with name 'implementationPlanMapper' and 'com.qims.domain.mapper.ImplementationPlanMapper' mapperInterface. Bean already defined with the same name!
2026-05-13 08:24:33 [main] WARN  o.m.s.mapper.ClassPathMapperScanner - Skipping MapperFactoryBean with name 'inspectionDefaultValueMapper' and 'com.qims.domain.mapper.InspectionDefaultValueMapper' mapperInterface. Bean already defined with the same name!
2026-05-13 08:24:33 [main] WARN  o.m.s.mapper.ClassPathMapperScanner - Skipping MapperFactoryBean with name 'inspectionItemMapper' and 'com.qims.domain.mapper.InspectionItemMapper' mapperInterface. Bean already defined with the same name!
2026-05-13 08:24:33 [main] WARN  o.m.s.mapper.ClassPathMapperScanner - Skipping MapperFactoryBean with name 'inspectionRecordMapper' and 'com.qims.domain.mapper.InspectionRecordMapper' mapperInterface. Bean already defined with the same name!
2026-05-13 08:24:33 [main] WARN  o.m.s.mapper.ClassPathMapperScanner - Skipping MapperFactoryBean with name 'nodeMapper' and 'com.qims.domain.mapper.NodeMapper' mapperInterface. Bean already defined with the same name!
2026-05-13 08:24:33 [main] WARN  o.m.s.mapper.ClassPathMapperScanner - Skipping MapperFactoryBean with name 'operationLogMapper' and 'com.qims.domain.mapper.OperationLogMapper' mapperInterface. Bean already defined with the same name!
2026-05-13 08:24:33 [main] WARN  o.m.s.mapper.ClassPathMapperScanner - Skipping MapperFactoryBean with name 'permissionMapper' and 'com.qims.domain.mapper.PermissionMapper' mapperInterface. Bean already defined with the same name!
2026-05-13 08:24:33 [main] WARN  o.m.s.mapper.ClassPathMapperScanner - Skipping MapperFactoryBean with name 'roleMapper' and 'com.qims.domain.mapper.RoleMapper' mapperInterface. Bean already defined with the same name!
2026-05-13 08:24:33 [main] WARN  o.m.s.mapper.ClassPathMapperScanner - Skipping MapperFactoryBean with name 'rolePermissionMapper' and 'com.qims.domain.mapper.RolePermissionMapper' mapperInterface. Bean already defined with the same name!
2026-05-13 08:24:33 [main] WARN  o.m.s.mapper.ClassPathMapperScanner - Skipping MapperFactoryBean with name 'userMapper' and 'com.qims.domain.mapper.UserMapper' mapperInterface. Bean already defined with the same name!
2026-05-13 08:24:33 [main] WARN  o.m.s.mapper.ClassPathMapperScanner - Skipping MapperFactoryBean with name 'userRoleMapper' and 'com.qims.domain.mapper.UserRoleMapper' mapperInterface. Bean already defined with the same name!
2026-05-13 08:24:33 [main] WARN  o.m.s.mapper.ClassPathMapperScanner - No MyBatis mapper was found in '[com.qims.domain.mapper]' package. Please check your configuration.
2026-05-13 08:24:34 [main] INFO  o.s.b.w.e.tomcat.TomcatWebServer - Tomcat initialized with port 8080 (http)
2026-05-13 08:24:34 [main] INFO  o.a.coyote.http11.Http11NioProtocol - Initializing ProtocolHandler ["http-nio-8080"]
2026-05-13 08:24:34 [main] INFO  o.a.catalina.core.StandardService - Starting service [Tomcat]
2026-05-13 08:24:34 [main] INFO  o.a.catalina.core.StandardEngine - Starting Servlet engine: [Apache Tomcat/10.1.20]
2026-05-13 08:24:34 [main] INFO  o.a.c.c.C.[Tomcat].[localhost].[/] - Initializing Spring embedded WebApplicationContext
2026-05-13 08:24:34 [main] INFO  o.s.b.w.s.c.ServletWebServerApplicationContext - Root WebApplicationContext: initialization completed in 1669 ms
2026-05-13 08:24:34 [main] DEBUG c.q.c.s.JwtAuthenticationFilter - Filter 'jwtAuthenticationFilter' configured for use
2026-05-13 08:24:34 [main] DEBUG c.b.m.e.s.MybatisSqlSessionFactoryBean - Registered plugin: 'com.baomidou.mybatisplus.extension.plugins.MybatisPlusInterceptor@4b97b3d2'
2026-05-13 08:24:34 [main] DEBUG c.b.m.e.s.MybatisSqlSessionFactoryBean - Property 'mapperLocations' was not specified.
2026-05-13 08:24:34 [main] INFO  com.zaxxer.hikari.HikariDataSource - HikariPool-1 - Starting...
2026-05-13 08:24:34 [main] INFO  com.zaxxer.hikari.pool.HikariPool - HikariPool-1 - Added connection com.mysql.cj.jdbc.ConnectionImpl@682618e5
2026-05-13 08:24:34 [main] INFO  com.zaxxer.hikari.HikariDataSource - HikariPool-1 - Start completed.
2026-05-13 08:24:36 [main] INFO  org.quartz.impl.StdSchedulerFactory - Using default implementation for ThreadExecutor
2026-05-13 08:24:36 [main] INFO  o.quartz.core.SchedulerSignalerImpl - Initialized Scheduler Signaller of type: class org.quartz.core.SchedulerSignalerImpl
2026-05-13 08:24:36 [main] INFO  org.quartz.core.QuartzScheduler - Quartz Scheduler v.2.3.2 created.
2026-05-13 08:24:36 [main] INFO  org.quartz.simpl.RAMJobStore - RAMJobStore initialized.
2026-05-13 08:24:36 [main] INFO  org.quartz.core.QuartzScheduler - Scheduler meta-data: Quartz Scheduler (v2.3.2) 'QIMS-Scheduler' with instanceId 'NON_CLUSTERED'
  Scheduler class: 'org.quartz.core.QuartzScheduler' - running locally.
  NOT STARTED.
  Currently in standby mode.
  Number of jobs executed: 0
  Using thread pool 'org.quartz.simpl.SimpleThreadPool' - with 10 threads.
  Using job-store 'org.quartz.simpl.RAMJobStore' - which does not support persistence. and is not clustered.

2026-05-13 08:24:36 [main] INFO  org.quartz.impl.StdSchedulerFactory - Quartz scheduler 'QIMS-Scheduler' initialized from an externally provided properties instance.
2026-05-13 08:24:36 [main] INFO  org.quartz.impl.StdSchedulerFactory - Quartz scheduler version: 2.3.2
2026-05-13 08:24:36 [main] INFO  org.quartz.core.QuartzScheduler - JobFactory set to: org.springframework.scheduling.quartz.AdaptableJobFactory@113eed88
2026-05-13 08:24:36 [main] WARN  o.s.b.a.s.s.UserDetailsServiceAutoConfiguration - 

Using generated security password: 52739458-50e4-47d7-b42c-22a7b9e62dd3

This generated password is for development use only. Your security configuration must be updated before running your application in production.

2026-05-13 08:24:37 [main] INFO  o.s.s.web.DefaultSecurityFilterChain - Will secure any request with [org.springframework.security.web.session.DisableEncodeUrlFilter@709d6de5, org.springframework.security.web.context.request.async.WebAsyncManagerIntegrationFilter@1a43a88e, org.springframework.security.web.context.SecurityContextHolderFilter@7e38e254, org.springframework.security.web.header.HeaderWriterFilter@2976ca51, org.springframework.web.filter.CorsFilter@51f34185, org.springframework.security.web.authentication.logout.LogoutFilter@2f038d3c, com.qims.common.security.JwtAuthenticationFilter@5d878b25, org.springframework.security.web.savedrequest.RequestCacheAwareFilter@2e4ecdf8, org.springframework.security.web.servletapi.SecurityContextHolderAwareRequestFilter@503a7990, org.springframework.security.web.authentication.AnonymousAuthenticationFilter@1b8d20e6, org.springframework.security.web.session.SessionManagementFilter@1de30c31, org.springframework.security.web.access.ExceptionTranslationFilter@2e159116, org.springframework.security.web.access.intercept.AuthorizationFilter@2c08c787]
2026-05-13 08:24:37 [main] INFO  o.a.coyote.http11.Http11NioProtocol - Starting ProtocolHandler ["http-nio-8080"]
2026-05-13 08:24:37 [main] INFO  o.s.b.w.e.tomcat.TomcatWebServer - Tomcat started on port 8080 (http) with context path ''
2026-05-13 08:24:37 [main] INFO  o.s.s.quartz.SchedulerFactoryBean - Will start Quartz Scheduler [QIMS-Scheduler] in 10 seconds
2026-05-13 08:24:37 [main] INFO  com.qims.web.QualityApplication - Started QualityApplication in 5.277 seconds (process running for 5.641)
2026-05-13 08:24:37 [main] INFO  c.q.q.service.QuartzScheduleService - 已初始化 0 个检测项定时任务
2026-05-13 08:24:37 [main] DEBUG c.b.m.a.DdlApplicationRunner -   ...  DDL start create  ...  
2026-05-13 08:24:37 [main] DEBUG c.b.m.a.DdlApplicationRunner -   ...  DDL end create  ...  
2026-05-13 08:24:47 [Quartz Scheduler [QIMS-Scheduler]] INFO  o.s.s.quartz.SchedulerFactoryBean - Starting Quartz Scheduler now, after delay of 10 seconds
2026-05-13 08:24:47 [Quartz Scheduler [QIMS-Scheduler]] INFO  org.quartz.core.QuartzScheduler - Scheduler QIMS-Scheduler_$_NON_CLUSTERED started.
2026-05-13 08:28:31 [http-nio-8080-exec-1] INFO  o.a.c.c.C.[Tomcat].[localhost].[/] - Initializing Spring DispatcherServlet 'dispatcherServlet'
2026-05-13 08:28:31 [http-nio-8080-exec-1] INFO  o.s.web.servlet.DispatcherServlet - Initializing Servlet 'dispatcherServlet'
2026-05-13 08:28:31 [http-nio-8080-exec-1] INFO  o.s.web.servlet.DispatcherServlet - Completed initialization in 0 ms
