2026-05-16 10:02:38 [background-preinit] INFO  o.h.validator.internal.util.Version - HV000001: Hibernate Validator 8.0.1.Final
2026-05-16 10:02:38 [main] INFO  com.qims.web.QualityApplication - Starting QualityApplication using Java 17.0.11 with PID 17364 (E:\code\质量检测管理系统技术方案-QIMS\QIMS-backend\quality-web\target\classes started by Administrator in E:\code\质量检测管理系统技术方案-QIMS\QIMS-backend)
2026-05-16 10:02:38 [main] DEBUG com.qims.web.QualityApplication - Running with Spring Boot v3.2.5, Spring v6.1.6
2026-05-16 10:02:38 [main] INFO  com.qims.web.QualityApplication - No active profile set, falling back to 1 default profile: "default"
2026-05-16 10:02:39 [main] WARN  o.m.s.mapper.ClassPathMapperScanner - Skipping MapperFactoryBean with name 'departmentMapper' and 'com.qims.domain.mapper.DepartmentMapper' mapperInterface. Bean already defined with the same name!
2026-05-16 10:02:39 [main] WARN  o.m.s.mapper.ClassPathMapperScanner - Skipping MapperFactoryBean with name 'implementationFeedbackMapper' and 'com.qims.domain.mapper.ImplementationFeedbackMapper' mapperInterface. Bean already defined with the same name!
2026-05-16 10:02:39 [main] WARN  o.m.s.mapper.ClassPathMapperScanner - Skipping MapperFactoryBean with name 'implementationPlanMapper' and 'com.qims.domain.mapper.ImplementationPlanMapper' mapperInterface. Bean already defined with the same name!
2026-05-16 10:02:39 [main] WARN  o.m.s.mapper.ClassPathMapperScanner - Skipping MapperFactoryBean with name 'inspectionDefaultValueMapper' and 'com.qims.domain.mapper.InspectionDefaultValueMapper' mapperInterface. Bean already defined with the same name!
2026-05-16 10:02:39 [main] WARN  o.m.s.mapper.ClassPathMapperScanner - Skipping MapperFactoryBean with name 'inspectionItemMapper' and 'com.qims.domain.mapper.InspectionItemMapper' mapperInterface. Bean already defined with the same name!
2026-05-16 10:02:39 [main] WARN  o.m.s.mapper.ClassPathMapperScanner - Skipping MapperFactoryBean with name 'inspectionRecordMapper' and 'com.qims.domain.mapper.InspectionRecordMapper' mapperInterface. Bean already defined with the same name!
2026-05-16 10:02:39 [main] WARN  o.m.s.mapper.ClassPathMapperScanner - Skipping MapperFactoryBean with name 'nodeMapper' and 'com.qims.domain.mapper.NodeMapper' mapperInterface. Bean already defined with the same name!
2026-05-16 10:02:39 [main] WARN  o.m.s.mapper.ClassPathMapperScanner - Skipping MapperFactoryBean with name 'operationLogMapper' and 'com.qims.domain.mapper.OperationLogMapper' mapperInterface. Bean already defined with the same name!
2026-05-16 10:02:39 [main] WARN  o.m.s.mapper.ClassPathMapperScanner - Skipping MapperFactoryBean with name 'permissionMapper' and 'com.qims.domain.mapper.PermissionMapper' mapperInterface. Bean already defined with the same name!
2026-05-16 10:02:39 [main] WARN  o.m.s.mapper.ClassPathMapperScanner - Skipping MapperFactoryBean with name 'roleMapper' and 'com.qims.domain.mapper.RoleMapper' mapperInterface. Bean already defined with the same name!
2026-05-16 10:02:39 [main] WARN  o.m.s.mapper.ClassPathMapperScanner - Skipping MapperFactoryBean with name 'rolePermissionMapper' and 'com.qims.domain.mapper.RolePermissionMapper' mapperInterface. Bean already defined with the same name!
2026-05-16 10:02:39 [main] WARN  o.m.s.mapper.ClassPathMapperScanner - Skipping MapperFactoryBean with name 'userMapper' and 'com.qims.domain.mapper.UserMapper' mapperInterface. Bean already defined with the same name!
2026-05-16 10:02:39 [main] WARN  o.m.s.mapper.ClassPathMapperScanner - Skipping MapperFactoryBean with name 'userRoleMapper' and 'com.qims.domain.mapper.UserRoleMapper' mapperInterface. Bean already defined with the same name!
2026-05-16 10:02:39 [main] WARN  o.m.s.mapper.ClassPathMapperScanner - No MyBatis mapper was found in '[com.qims.domain.mapper]' package. Please check your configuration.
2026-05-16 10:02:39 [main] INFO  o.s.b.w.e.tomcat.TomcatWebServer - Tomcat initialized with port 8888 (http)
2026-05-16 10:02:39 [main] INFO  o.a.coyote.http11.Http11NioProtocol - Initializing ProtocolHandler ["http-nio-8888"]
2026-05-16 10:02:39 [main] INFO  o.a.catalina.core.StandardService - Starting service [Tomcat]
2026-05-16 10:02:39 [main] INFO  o.a.catalina.core.StandardEngine - Starting Servlet engine: [Apache Tomcat/10.1.20]
2026-05-16 10:02:39 [main] INFO  o.a.c.c.C.[Tomcat].[localhost].[/] - Initializing Spring embedded WebApplicationContext
2026-05-16 10:02:39 [main] INFO  o.s.b.w.s.c.ServletWebServerApplicationContext - Root WebApplicationContext: initialization completed in 1484 ms
2026-05-16 10:02:39 [main] DEBUG c.q.c.s.JwtAuthenticationFilter - Filter 'jwtAuthenticationFilter' configured for use
2026-05-16 10:02:39 [main] DEBUG c.b.m.e.s.MybatisSqlSessionFactoryBean - Registered plugin: 'com.baomidou.mybatisplus.extension.plugins.MybatisPlusInterceptor@6c951ada'
2026-05-16 10:02:39 [main] DEBUG c.b.m.e.s.MybatisSqlSessionFactoryBean - Property 'mapperLocations' was not specified.
2026-05-16 10:02:39 [main] INFO  com.zaxxer.hikari.HikariDataSource - HikariPool-1 - Starting...
2026-05-16 10:02:40 [main] INFO  com.zaxxer.hikari.pool.HikariPool - HikariPool-1 - Added connection com.mysql.cj.jdbc.ConnectionImpl@5a85b4e6
2026-05-16 10:02:40 [main] INFO  com.zaxxer.hikari.HikariDataSource - HikariPool-1 - Start completed.
2026-05-16 10:02:41 [main] INFO  org.quartz.impl.StdSchedulerFactory - Using default implementation for ThreadExecutor
2026-05-16 10:02:42 [main] INFO  o.quartz.core.SchedulerSignalerImpl - Initialized Scheduler Signaller of type: class org.quartz.core.SchedulerSignalerImpl
2026-05-16 10:02:42 [main] INFO  org.quartz.core.QuartzScheduler - Quartz Scheduler v.2.3.2 created.
2026-05-16 10:02:42 [main] INFO  org.quartz.simpl.RAMJobStore - RAMJobStore initialized.
2026-05-16 10:02:42 [main] INFO  org.quartz.core.QuartzScheduler - Scheduler meta-data: Quartz Scheduler (v2.3.2) 'QIMS-Scheduler' with instanceId 'NON_CLUSTERED'
  Scheduler class: 'org.quartz.core.QuartzScheduler' - running locally.
  NOT STARTED.
  Currently in standby mode.
  Number of jobs executed: 0
  Using thread pool 'org.quartz.simpl.SimpleThreadPool' - with 10 threads.
  Using job-store 'org.quartz.simpl.RAMJobStore' - which does not support persistence. and is not clustered.

2026-05-16 10:02:42 [main] INFO  org.quartz.impl.StdSchedulerFactory - Quartz scheduler 'QIMS-Scheduler' initialized from an externally provided properties instance.
2026-05-16 10:02:42 [main] INFO  org.quartz.impl.StdSchedulerFactory - Quartz scheduler version: 2.3.2
2026-05-16 10:02:42 [main] INFO  org.quartz.core.QuartzScheduler - JobFactory set to: org.springframework.scheduling.quartz.AdaptableJobFactory@2d73e8c4
2026-05-16 10:02:42 [main] WARN  o.s.b.a.s.s.UserDetailsServiceAutoConfiguration - 

Using generated security password: 82f9b2a5-0703-4483-ae1f-1fd5694a64d8

This generated password is for development use only. Your security configuration must be updated before running your application in production.

2026-05-16 10:02:42 [main] INFO  o.s.s.web.DefaultSecurityFilterChain - Will secure any request with [org.springframework.security.web.session.DisableEncodeUrlFilter@1eb9d69a, org.springframework.security.web.context.request.async.WebAsyncManagerIntegrationFilter@36511772, org.springframework.security.web.context.SecurityContextHolderFilter@6fe5da76, org.springframework.security.web.header.HeaderWriterFilter@5e95b0ab, org.springframework.web.filter.CorsFilter@51869ad6, org.springframework.security.web.authentication.logout.LogoutFilter@13390a96, com.qims.common.security.JwtAuthenticationFilter@6d293993, org.springframework.security.web.savedrequest.RequestCacheAwareFilter@6339e604, org.springframework.security.web.servletapi.SecurityContextHolderAwareRequestFilter@4f8900b0, org.springframework.security.web.authentication.AnonymousAuthenticationFilter@27a90ce5, org.springframework.security.web.session.SessionManagementFilter@420b55ed, org.springframework.security.web.access.ExceptionTranslationFilter@2591d23a, org.springframework.security.web.access.intercept.AuthorizationFilter@795faad]
2026-05-16 10:02:42 [main] INFO  o.a.coyote.http11.Http11NioProtocol - Starting ProtocolHandler ["http-nio-8888"]
2026-05-16 10:02:42 [main] INFO  o.s.b.w.e.tomcat.TomcatWebServer - Tomcat started on port 8888 (http) with context path ''
2026-05-16 10:02:42 [main] INFO  o.s.s.quartz.SchedulerFactoryBean - Will start Quartz Scheduler [QIMS-Scheduler] in 10 seconds
2026-05-16 10:02:42 [main] INFO  com.qims.web.QualityApplication - Started QualityApplication in 5.647 seconds (process running for 6.386)
2026-05-16 10:02:43 [main] INFO  c.q.q.service.QuartzScheduleService - 创建检测项定时任务，itemId=313466522431393793
2026-05-16 10:02:43 [main] INFO  c.q.q.service.QuartzScheduleService - 检测项定时任务已创建/更新，itemId=313466522431393793, cronExpression=0 0 */1 * * ?
2026-05-16 10:02:43 [main] INFO  c.q.q.service.QuartzScheduleService - 创建检测项定时任务，itemId=313466522431393794
2026-05-16 10:02:43 [main] INFO  c.q.q.service.QuartzScheduleService - 检测项定时任务已创建/更新，itemId=313466522431393794, cronExpression=0 0 */1 * * ?
2026-05-16 10:02:43 [main] INFO  c.q.q.service.QuartzScheduleService - 创建检测项定时任务，itemId=313466522431393795
2026-05-16 10:02:43 [main] INFO  c.q.q.service.QuartzScheduleService - 检测项定时任务已创建/更新，itemId=313466522431393795, cronExpression=0 0 1 * * ?
2026-05-16 10:02:43 [main] INFO  c.q.q.service.QuartzScheduleService - 创建检测项定时任务，itemId=313466522431393796
2026-05-16 10:02:43 [main] INFO  c.q.q.service.QuartzScheduleService - 检测项定时任务已创建/更新，itemId=313466522431393796, cronExpression=0 0 0 ? * MON
2026-05-16 10:02:43 [main] INFO  c.q.q.service.QuartzScheduleService - 创建检测项定时任务，itemId=313466522431393797
2026-05-16 10:02:43 [main] INFO  c.q.q.service.QuartzScheduleService - 检测项定时任务已创建/更新，itemId=313466522431393797, cronExpression=0 0 */2 * * ?
2026-05-16 10:02:43 [main] INFO  c.q.q.service.QuartzScheduleService - 创建检测项定时任务，itemId=313466522431393798
2026-05-16 10:02:43 [main] INFO  c.q.q.service.QuartzScheduleService - 检测项定时任务已创建/更新，itemId=313466522431393798, cronExpression=0 0 10 * * ?
2026-05-16 10:02:43 [main] INFO  c.q.q.service.QuartzScheduleService - 创建检测项定时任务，itemId=313466522431393799
2026-05-16 10:02:43 [main] INFO  c.q.q.service.QuartzScheduleService - 检测项定时任务已创建/更新，itemId=313466522431393799, cronExpression=0 0 8 * * ?
2026-05-16 10:02:43 [main] INFO  c.q.q.service.QuartzScheduleService - 已初始化 7 个检测项定时任务
2026-05-16 10:02:43 [main] DEBUG c.b.m.a.DdlApplicationRunner -   ...  DDL start create  ...  
2026-05-16 10:02:43 [main] DEBUG c.b.m.a.DdlApplicationRunner -   ...  DDL end create  ...  
2026-05-16 10:02:52 [Quartz Scheduler [QIMS-Scheduler]] INFO  o.s.s.quartz.SchedulerFactoryBean - Starting Quartz Scheduler now, after delay of 10 seconds
2026-05-16 10:02:52 [Quartz Scheduler [QIMS-Scheduler]] INFO  org.quartz.core.QuartzScheduler - Scheduler QIMS-Scheduler_$_NON_CLUSTERED started.
2026-05-16 10:03:11 [http-nio-8888-exec-1] INFO  o.a.c.c.C.[Tomcat].[localhost].[/] - Initializing Spring DispatcherServlet 'dispatcherServlet'
2026-05-16 10:03:11 [http-nio-8888-exec-1] INFO  o.s.web.servlet.DispatcherServlet - Initializing Servlet 'dispatcherServlet'
2026-05-16 10:03:11 [http-nio-8888-exec-1] INFO  o.s.web.servlet.DispatcherServlet - Completed initialization in 0 ms
2026-05-16 10:03:11 [http-nio-8888-exec-1] ERROR c.q.c.e.GlobalExceptionHandler - 系统异常
org.springframework.web.servlet.resource.NoResourceFoundException: No static resource swagger-ui/index.html.
	at org.springframework.web.servlet.resource.ResourceHttpRequestHandler.handleRequest(ResourceHttpRequestHandler.java:585)
	at org.springframework.web.servlet.mvc.HttpRequestHandlerAdapter.handle(HttpRequestHandlerAdapter.java:52)
	at org.springframework.web.servlet.DispatcherServlet.doDispatch(DispatcherServlet.java:1089)
	at org.springframework.web.servlet.DispatcherServlet.doService(DispatcherServlet.java:979)
	at org.springframework.web.servlet.FrameworkServlet.processRequest(FrameworkServlet.java:1014)
	at org.springframework.web.servlet.FrameworkServlet.doGet(FrameworkServlet.java:903)
	at jakarta.servlet.http.HttpServlet.service(HttpServlet.java:564)
	at org.springframework.web.servlet.FrameworkServlet.service(FrameworkServlet.java:885)
	at jakarta.servlet.http.HttpServlet.service(HttpServlet.java:658)
	at org.apache.catalina.core.ApplicationFilterChain.internalDoFilter(ApplicationFilterChain.java:206)
	at org.apache.catalina.core.ApplicationFilterChain.doFilter(ApplicationFilterChain.java:150)
	at org.apache.tomcat.websocket.server.WsFilter.doFilter(WsFilter.java:51)
	at org.apache.catalina.core.ApplicationFilterChain.internalDoFilter(ApplicationFilterChain.java:175)
	at org.apache.catalina.core.ApplicationFilterChain.doFilter(ApplicationFilterChain.java:150)
	at org.springframework.web.filter.OncePerRequestFilter.doFilter(OncePerRequestFilter.java:110)
	at org.apache.catalina.core.ApplicationFilterChain.internalDoFilter(ApplicationFilterChain.java:175)
	at org.apache.catalina.core.ApplicationFilterChain.doFilter(ApplicationFilterChain.java:150)
	at org.springframework.web.filter.CompositeFilter$VirtualFilterChain.doFilter(CompositeFilter.java:108)
	at org.springframework.security.web.FilterChainProxy.lambda$doFilterInternal$3(FilterChainProxy.java:231)
	at org.springframework.security.web.FilterChainProxy$VirtualFilterChain.doFilter(FilterChainProxy.java:365)
	at org.springframework.security.web.access.intercept.AuthorizationFilter.doFilter(AuthorizationFilter.java:100)
	at org.springframework.security.web.FilterChainProxy$VirtualFilterChain.doFilter(FilterChainProxy.java:374)
	at org.springframework.security.web.access.ExceptionTranslationFilter.doFilter(ExceptionTranslationFilter.java:126)
	at org.springframework.security.web.access.ExceptionTranslationFilter.doFilter(ExceptionTranslationFilter.java:120)
	at org.springframework.security.web.FilterChainProxy$VirtualFilterChain.doFilter(FilterChainProxy.java:374)
	at org.springframework.security.web.session.SessionManagementFilter.doFilter(SessionManagementFilter.java:131)
	at org.springframework.security.web.session.SessionManagementFilter.doFilter(SessionManagementFilter.java:85)
	at org.springframework.security.web.FilterChainProxy$VirtualFilterChain.doFilter(FilterChainProxy.java:374)
	at org.springframework.security.web.authentication.AnonymousAuthenticationFilter.doFilter(AnonymousAuthenticationFilter.java:100)
	at org.springframework.security.web.FilterChainProxy$VirtualFilterChain.doFilter(FilterChainProxy.java:374)
	at org.springframework.security.web.servletapi.SecurityContextHolderAwareRequestFilter.doFilter(SecurityContextHolderAwareRequestFilter.java:179)
	at org.springframework.security.web.FilterChainProxy$VirtualFilterChain.doFilter(FilterChainProxy.java:374)
	at org.springframework.security.web.savedrequest.RequestCacheAwareFilter.doFilter(RequestCacheAwareFilter.java:63)
	at org.springframework.security.web.FilterChainProxy$VirtualFilterChain.doFilter(FilterChainProxy.java:374)
	at com.qims.common.security.JwtAuthenticationFilter.doFilterInternal(JwtAuthenticationFilter.java:71)
	at org.springframework.web.filter.OncePerRequestFilter.doFilter(OncePerRequestFilter.java:116)
	at org.springframework.security.web.FilterChainProxy$VirtualFilterChain.doFilter(FilterChainProxy.java:374)
	at org.springframework.security.web.authentication.logout.LogoutFilter.doFilter(LogoutFilter.java:107)
	at org.springframework.security.web.authentication.logout.LogoutFilter.doFilter(LogoutFilter.java:93)
	at org.springframework.security.web.FilterChainProxy$VirtualFilterChain.doFilter(FilterChainProxy.java:374)
	at org.springframework.web.filter.CorsFilter.doFilterInternal(CorsFilter.java:91)
	at org.springframework.web.filter.OncePerRequestFilter.doFilter(OncePerRequestFilter.java:116)
	at org.springframework.security.web.FilterChainProxy$VirtualFilterChain.doFilter(FilterChainProxy.java:374)
	at org.springframework.security.web.header.HeaderWriterFilter.doHeadersAfter(HeaderWriterFilter.java:90)
	at org.springframework.security.web.header.HeaderWriterFilter.doFilterInternal(HeaderWriterFilter.java:75)
	at org.springframework.web.filter.OncePerRequestFilter.doFilter(OncePerRequestFilter.java:116)
	at org.springframework.security.web.FilterChainProxy$VirtualFilterChain.doFilter(FilterChainProxy.java:374)
	at org.springframework.security.web.context.SecurityContextHolderFilter.doFilter(SecurityContextHolderFilter.java:82)
	at org.springframework.security.web.context.SecurityContextHolderFilter.doFilter(SecurityContextHolderFilter.java:69)
	at org.springframework.security.web.FilterChainProxy$VirtualFilterChain.doFilter(FilterChainProxy.java:374)
	at org.springframework.security.web.context.request.async.WebAsyncManagerIntegrationFilter.doFilterInternal(WebAsyncManagerIntegrationFilter.java:62)
	at org.springframework.web.filter.OncePerRequestFilter.doFilter(OncePerRequestFilter.java:116)
	at org.springframework.security.web.FilterChainProxy$VirtualFilterChain.doFilter(FilterChainProxy.java:374)
	at org.springframework.security.web.session.DisableEncodeUrlFilter.doFilterInternal(DisableEncodeUrlFilter.java:42)
	at org.springframework.web.filter.OncePerRequestFilter.doFilter(OncePerRequestFilter.java:116)
	at org.springframework.security.web.FilterChainProxy$VirtualFilterChain.doFilter(FilterChainProxy.java:374)
	at org.springframework.security.web.FilterChainProxy.doFilterInternal(FilterChainProxy.java:233)
	at org.springframework.security.web.FilterChainProxy.doFilter(FilterChainProxy.java:191)
	at org.springframework.web.filter.CompositeFilter$VirtualFilterChain.doFilter(CompositeFilter.java:113)
	at org.springframework.web.servlet.handler.HandlerMappingIntrospector.lambda$createCacheFilter$3(HandlerMappingIntrospector.java:195)
	at org.springframework.web.filter.CompositeFilter$VirtualFilterChain.doFilter(CompositeFilter.java:113)
	at org.springframework.web.filter.CompositeFilter.doFilter(CompositeFilter.java:74)
	at org.springframework.security.config.annotation.web.configuration.WebMvcSecurityConfiguration$CompositeFilterChainProxy.doFilter(WebMvcSecurityConfiguration.java:230)
	at org.springframework.web.filter.DelegatingFilterProxy.invokeDelegate(DelegatingFilterProxy.java:352)
	at org.springframework.web.filter.DelegatingFilterProxy.doFilter(DelegatingFilterProxy.java:268)
	at org.apache.catalina.core.ApplicationFilterChain.internalDoFilter(ApplicationFilterChain.java:175)
	at org.apache.catalina.core.ApplicationFilterChain.doFilter(ApplicationFilterChain.java:150)
	at org.springframework.web.filter.RequestContextFilter.doFilterInternal(RequestContextFilter.java:100)
	at org.springframework.web.filter.OncePerRequestFilter.doFilter(OncePerRequestFilter.java:116)
	at org.apache.catalina.core.ApplicationFilterChain.internalDoFilter(ApplicationFilterChain.java:175)
	at org.apache.catalina.core.ApplicationFilterChain.doFilter(ApplicationFilterChain.java:150)
	at org.springframework.web.filter.FormContentFilter.doFilterInternal(FormContentFilter.java:93)
	at org.springframework.web.filter.OncePerRequestFilter.doFilter(OncePerRequestFilter.java:116)
	at org.apache.catalina.core.ApplicationFilterChain.internalDoFilter(ApplicationFilterChain.java:175)
	at org.apache.catalina.core.ApplicationFilterChain.doFilter(ApplicationFilterChain.java:150)
	at org.springframework.web.filter.CharacterEncodingFilter.doFilterInternal(CharacterEncodingFilter.java:201)
	at org.springframework.web.filter.OncePerRequestFilter.doFilter(OncePerRequestFilter.java:116)
	at org.apache.catalina.core.ApplicationFilterChain.internalDoFilter(ApplicationFilterChain.java:175)
	at org.apache.catalina.core.ApplicationFilterChain.doFilter(ApplicationFilterChain.java:150)
	at org.apache.catalina.core.StandardWrapperValve.invoke(StandardWrapperValve.java:167)
	at org.apache.catalina.core.StandardContextValve.invoke(StandardContextValve.java:90)
	at org.apache.catalina.authenticator.AuthenticatorBase.invoke(AuthenticatorBase.java:482)
	at org.apache.catalina.core.StandardHostValve.invoke(StandardHostValve.java:115)
	at org.apache.catalina.valves.ErrorReportValve.invoke(ErrorReportValve.java:93)
	at org.apache.catalina.core.StandardEngineValve.invoke(StandardEngineValve.java:74)
	at org.apache.catalina.connector.CoyoteAdapter.service(CoyoteAdapter.java:344)
	at org.apache.coyote.http11.Http11Processor.service(Http11Processor.java:391)
	at org.apache.coyote.AbstractProcessorLight.process(AbstractProcessorLight.java:63)
	at org.apache.coyote.AbstractProtocol$ConnectionHandler.process(AbstractProtocol.java:896)
	at org.apache.tomcat.util.net.NioEndpoint$SocketProcessor.doRun(NioEndpoint.java:1736)
	at org.apache.tomcat.util.net.SocketProcessorBase.run(SocketProcessorBase.java:52)
	at org.apache.tomcat.util.threads.ThreadPoolExecutor.runWorker(ThreadPoolExecutor.java:1191)
	at org.apache.tomcat.util.threads.ThreadPoolExecutor$Worker.run(ThreadPoolExecutor.java:659)
	at org.apache.tomcat.util.threads.TaskThread$WrappingRunnable.run(TaskThread.java:63)
	at java.base/java.lang.Thread.run(Thread.java:842)
2026-05-16 10:14:38 [SpringApplicationShutdownHook] INFO  org.quartz.core.QuartzScheduler - Scheduler QIMS-Scheduler_$_NON_CLUSTERED paused.
2026-05-16 10:14:38 [SpringApplicationShutdownHook] INFO  o.s.s.quartz.SchedulerFactoryBean - Shutting down Quartz Scheduler
2026-05-16 10:14:38 [SpringApplicationShutdownHook] INFO  org.quartz.core.QuartzScheduler - Scheduler QIMS-Scheduler_$_NON_CLUSTERED shutting down.
2026-05-16 10:14:38 [SpringApplicationShutdownHook] INFO  org.quartz.core.QuartzScheduler - Scheduler QIMS-Scheduler_$_NON_CLUSTERED paused.
2026-05-16 10:14:38 [SpringApplicationShutdownHook] INFO  org.quartz.core.QuartzScheduler - Scheduler QIMS-Scheduler_$_NON_CLUSTERED shutdown complete.
2026-05-16 10:14:38 [SpringApplicationShutdownHook] INFO  com.zaxxer.hikari.HikariDataSource - HikariPool-1 - Shutdown initiated...
2026-05-16 10:14:38 [SpringApplicationShutdownHook] INFO  com.zaxxer.hikari.HikariDataSource - HikariPool-1 - Shutdown completed.
2026-05-16 10:14:49 [background-preinit] INFO  o.h.validator.internal.util.Version - HV000001: Hibernate Validator 8.0.1.Final
2026-05-16 10:14:49 [main] INFO  com.qims.web.QualityApplication - Starting QualityApplication using Java 17.0.11 with PID 19684 (E:\code\质量检测管理系统技术方案-QIMS\QIMS-backend\quality-web\target\classes started by Administrator in E:\code\质量检测管理系统技术方案-QIMS\QIMS-backend)
2026-05-16 10:14:49 [main] DEBUG com.qims.web.QualityApplication - Running with Spring Boot v3.2.5, Spring v6.1.6
2026-05-16 10:14:49 [main] INFO  com.qims.web.QualityApplication - No active profile set, falling back to 1 default profile: "default"
2026-05-16 10:14:50 [main] WARN  o.m.s.mapper.ClassPathMapperScanner - Skipping MapperFactoryBean with name 'departmentMapper' and 'com.qims.domain.mapper.DepartmentMapper' mapperInterface. Bean already defined with the same name!
2026-05-16 10:14:50 [main] WARN  o.m.s.mapper.ClassPathMapperScanner - Skipping MapperFactoryBean with name 'implementationFeedbackMapper' and 'com.qims.domain.mapper.ImplementationFeedbackMapper' mapperInterface. Bean already defined with the same name!
2026-05-16 10:14:50 [main] WARN  o.m.s.mapper.ClassPathMapperScanner - Skipping MapperFactoryBean with name 'implementationPlanMapper' and 'com.qims.domain.mapper.ImplementationPlanMapper' mapperInterface. Bean already defined with the same name!
2026-05-16 10:14:50 [main] WARN  o.m.s.mapper.ClassPathMapperScanner - Skipping MapperFactoryBean with name 'inspectionDefaultValueMapper' and 'com.qims.domain.mapper.InspectionDefaultValueMapper' mapperInterface. Bean already defined with the same name!
2026-05-16 10:14:50 [main] WARN  o.m.s.mapper.ClassPathMapperScanner - Skipping MapperFactoryBean with name 'inspectionItemMapper' and 'com.qims.domain.mapper.InspectionItemMapper' mapperInterface. Bean already defined with the same name!
2026-05-16 10:14:50 [main] WARN  o.m.s.mapper.ClassPathMapperScanner - Skipping MapperFactoryBean with name 'inspectionRecordMapper' and 'com.qims.domain.mapper.InspectionRecordMapper' mapperInterface. Bean already defined with the same name!
2026-05-16 10:14:50 [main] WARN  o.m.s.mapper.ClassPathMapperScanner - Skipping MapperFactoryBean with name 'nodeMapper' and 'com.qims.domain.mapper.NodeMapper' mapperInterface. Bean already defined with the same name!
2026-05-16 10:14:50 [main] WARN  o.m.s.mapper.ClassPathMapperScanner - Skipping MapperFactoryBean with name 'operationLogMapper' and 'com.qims.domain.mapper.OperationLogMapper' mapperInterface. Bean already defined with the same name!
2026-05-16 10:14:50 [main] WARN  o.m.s.mapper.ClassPathMapperScanner - Skipping MapperFactoryBean with name 'permissionMapper' and 'com.qims.domain.mapper.PermissionMapper' mapperInterface. Bean already defined with the same name!
2026-05-16 10:14:50 [main] WARN  o.m.s.mapper.ClassPathMapperScanner - Skipping MapperFactoryBean with name 'roleMapper' and 'com.qims.domain.mapper.RoleMapper' mapperInterface. Bean already defined with the same name!
2026-05-16 10:14:50 [main] WARN  o.m.s.mapper.ClassPathMapperScanner - Skipping MapperFactoryBean with name 'rolePermissionMapper' and 'com.qims.domain.mapper.RolePermissionMapper' mapperInterface. Bean already defined with the same name!
2026-05-16 10:14:50 [main] WARN  o.m.s.mapper.ClassPathMapperScanner - Skipping MapperFactoryBean with name 'userMapper' and 'com.qims.domain.mapper.UserMapper' mapperInterface. Bean already defined with the same name!
2026-05-16 10:14:50 [main] WARN  o.m.s.mapper.ClassPathMapperScanner - Skipping MapperFactoryBean with name 'userRoleMapper' and 'com.qims.domain.mapper.UserRoleMapper' mapperInterface. Bean already defined with the same name!
2026-05-16 10:14:50 [main] WARN  o.m.s.mapper.ClassPathMapperScanner - No MyBatis mapper was found in '[com.qims.domain.mapper]' package. Please check your configuration.
2026-05-16 10:14:50 [main] INFO  o.s.b.w.e.tomcat.TomcatWebServer - Tomcat initialized with port 8888 (http)
2026-05-16 10:14:50 [main] INFO  o.a.coyote.http11.Http11NioProtocol - Initializing ProtocolHandler ["http-nio-8888"]
2026-05-16 10:14:50 [main] INFO  o.a.catalina.core.StandardService - Starting service [Tomcat]
2026-05-16 10:14:50 [main] INFO  o.a.catalina.core.StandardEngine - Starting Servlet engine: [Apache Tomcat/10.1.20]
2026-05-16 10:14:51 [main] INFO  o.a.c.c.C.[Tomcat].[localhost].[/] - Initializing Spring embedded WebApplicationContext
2026-05-16 10:14:51 [main] INFO  o.s.b.w.s.c.ServletWebServerApplicationContext - Root WebApplicationContext: initialization completed in 1317 ms
2026-05-16 10:14:51 [main] DEBUG c.q.c.s.JwtAuthenticationFilter - Filter 'jwtAuthenticationFilter' configured for use
2026-05-16 10:14:51 [main] DEBUG c.b.m.e.s.MybatisSqlSessionFactoryBean - Registered plugin: 'com.baomidou.mybatisplus.extension.plugins.MybatisPlusInterceptor@66e827a8'
2026-05-16 10:14:51 [main] DEBUG c.b.m.e.s.MybatisSqlSessionFactoryBean - Property 'mapperLocations' was not specified.
2026-05-16 10:14:51 [main] INFO  com.zaxxer.hikari.HikariDataSource - HikariPool-1 - Starting...
2026-05-16 10:14:51 [main] INFO  com.zaxxer.hikari.pool.HikariPool - HikariPool-1 - Added connection com.mysql.cj.jdbc.ConnectionImpl@5db0003d
2026-05-16 10:14:51 [main] INFO  com.zaxxer.hikari.HikariDataSource - HikariPool-1 - Start completed.
2026-05-16 10:14:53 [main] INFO  org.quartz.impl.StdSchedulerFactory - Using default implementation for ThreadExecutor
2026-05-16 10:14:53 [main] INFO  o.quartz.core.SchedulerSignalerImpl - Initialized Scheduler Signaller of type: class org.quartz.core.SchedulerSignalerImpl
2026-05-16 10:14:53 [main] INFO  org.quartz.core.QuartzScheduler - Quartz Scheduler v.2.3.2 created.
2026-05-16 10:14:53 [main] INFO  org.quartz.simpl.RAMJobStore - RAMJobStore initialized.
2026-05-16 10:14:53 [main] INFO  org.quartz.core.QuartzScheduler - Scheduler meta-data: Quartz Scheduler (v2.3.2) 'QIMS-Scheduler' with instanceId 'NON_CLUSTERED'
  Scheduler class: 'org.quartz.core.QuartzScheduler' - running locally.
  NOT STARTED.
  Currently in standby mode.
  Number of jobs executed: 0
  Using thread pool 'org.quartz.simpl.SimpleThreadPool' - with 10 threads.
  Using job-store 'org.quartz.simpl.RAMJobStore' - which does not support persistence. and is not clustered.

2026-05-16 10:14:53 [main] INFO  org.quartz.impl.StdSchedulerFactory - Quartz scheduler 'QIMS-Scheduler' initialized from an externally provided properties instance.
2026-05-16 10:14:53 [main] INFO  org.quartz.impl.StdSchedulerFactory - Quartz scheduler version: 2.3.2
2026-05-16 10:14:53 [main] INFO  org.quartz.core.QuartzScheduler - JobFactory set to: org.springframework.scheduling.quartz.AdaptableJobFactory@28831d69
2026-05-16 10:14:53 [main] WARN  o.s.b.a.s.s.UserDetailsServiceAutoConfiguration - 

Using generated security password: 47c9893c-8ac3-4bed-be9d-c9f0c6e83fcc

This generated password is for development use only. Your security configuration must be updated before running your application in production.

2026-05-16 10:14:53 [main] INFO  o.s.s.web.DefaultSecurityFilterChain - Will secure any request with [org.springframework.security.web.session.DisableEncodeUrlFilter@5604b85, org.springframework.security.web.context.request.async.WebAsyncManagerIntegrationFilter@5df7a065, org.springframework.security.web.context.SecurityContextHolderFilter@50785f86, org.springframework.security.web.header.HeaderWriterFilter@17df689e, org.springframework.web.filter.CorsFilter@3f45dfec, org.springframework.security.web.authentication.logout.LogoutFilter@8d810f2, com.qims.common.security.JwtAuthenticationFilter@31723307, org.springframework.security.web.savedrequest.RequestCacheAwareFilter@1e258d3b, org.springframework.security.web.servletapi.SecurityContextHolderAwareRequestFilter@2b6fcca1, org.springframework.security.web.authentication.AnonymousAuthenticationFilter@7c69e1e1, org.springframework.security.web.session.SessionManagementFilter@77eb607e, org.springframework.security.web.access.ExceptionTranslationFilter@5d58dc61, org.springframework.security.web.access.intercept.AuthorizationFilter@1f68e4e8]
2026-05-16 10:14:53 [main] INFO  o.a.coyote.http11.Http11NioProtocol - Starting ProtocolHandler ["http-nio-8888"]
2026-05-16 10:14:53 [main] INFO  o.s.b.w.e.tomcat.TomcatWebServer - Tomcat started on port 8888 (http) with context path ''
2026-05-16 10:14:53 [main] INFO  o.s.s.quartz.SchedulerFactoryBean - Will start Quartz Scheduler [QIMS-Scheduler] in 10 seconds
2026-05-16 10:14:53 [main] INFO  com.qims.web.QualityApplication - Started QualityApplication in 5.023 seconds (process running for 5.768)
2026-05-16 10:14:54 [main] INFO  c.q.q.service.QuartzScheduleService - 创建检测项定时任务，itemId=313466522431393793
2026-05-16 10:14:54 [main] INFO  c.q.q.service.QuartzScheduleService - 检测项定时任务已创建/更新，itemId=313466522431393793, cronExpression=0 0 */1 * * ?
2026-05-16 10:14:54 [main] INFO  c.q.q.service.QuartzScheduleService - 创建检测项定时任务，itemId=313466522431393794
2026-05-16 10:14:54 [main] INFO  c.q.q.service.QuartzScheduleService - 检测项定时任务已创建/更新，itemId=313466522431393794, cronExpression=0 0 */1 * * ?
2026-05-16 10:14:54 [main] INFO  c.q.q.service.QuartzScheduleService - 创建检测项定时任务，itemId=313466522431393795
2026-05-16 10:14:54 [main] INFO  c.q.q.service.QuartzScheduleService - 检测项定时任务已创建/更新，itemId=313466522431393795, cronExpression=0 0 1 * * ?
2026-05-16 10:14:54 [main] INFO  c.q.q.service.QuartzScheduleService - 创建检测项定时任务，itemId=313466522431393796
2026-05-16 10:14:54 [main] INFO  c.q.q.service.QuartzScheduleService - 检测项定时任务已创建/更新，itemId=313466522431393796, cronExpression=0 0 0 ? * MON
2026-05-16 10:14:54 [main] INFO  c.q.q.service.QuartzScheduleService - 创建检测项定时任务，itemId=313466522431393797
2026-05-16 10:14:54 [main] INFO  c.q.q.service.QuartzScheduleService - 检测项定时任务已创建/更新，itemId=313466522431393797, cronExpression=0 0 */2 * * ?
2026-05-16 10:14:54 [main] INFO  c.q.q.service.QuartzScheduleService - 创建检测项定时任务，itemId=313466522431393798
2026-05-16 10:14:54 [main] INFO  c.q.q.service.QuartzScheduleService - 检测项定时任务已创建/更新，itemId=313466522431393798, cronExpression=0 0 10 * * ?
2026-05-16 10:14:54 [main] INFO  c.q.q.service.QuartzScheduleService - 创建检测项定时任务，itemId=313466522431393799
2026-05-16 10:14:54 [main] INFO  c.q.q.service.QuartzScheduleService - 检测项定时任务已创建/更新，itemId=313466522431393799, cronExpression=0 0 8 * * ?
2026-05-16 10:14:54 [main] INFO  c.q.q.service.QuartzScheduleService - 已初始化 7 个检测项定时任务
2026-05-16 10:14:54 [main] DEBUG c.b.m.a.DdlApplicationRunner -   ...  DDL start create  ...  
2026-05-16 10:14:54 [main] DEBUG c.b.m.a.DdlApplicationRunner -   ...  DDL end create  ...  
2026-05-16 10:15:03 [Quartz Scheduler [QIMS-Scheduler]] INFO  o.s.s.quartz.SchedulerFactoryBean - Starting Quartz Scheduler now, after delay of 10 seconds
2026-05-16 10:15:03 [Quartz Scheduler [QIMS-Scheduler]] INFO  org.quartz.core.QuartzScheduler - Scheduler QIMS-Scheduler_$_NON_CLUSTERED started.
2026-05-16 10:15:11 [http-nio-8888-exec-1] INFO  o.a.c.c.C.[Tomcat].[localhost].[/] - Initializing Spring DispatcherServlet 'dispatcherServlet'
2026-05-16 10:15:11 [http-nio-8888-exec-1] INFO  o.s.web.servlet.DispatcherServlet - Initializing Servlet 'dispatcherServlet'
2026-05-16 10:15:11 [http-nio-8888-exec-1] INFO  o.s.web.servlet.DispatcherServlet - Completed initialization in 2 ms
2026-05-16 10:15:12 [http-nio-8888-exec-10] INFO  o.s.api.AbstractOpenApiResource - Init duration for springdoc-openapi is: 666 ms
2026-05-16 10:16:30 [http-nio-8888-exec-8] WARN  c.q.c.e.GlobalExceptionHandler - 业务异常: 用户名或密码错误
2026-05-16 10:17:11 [http-nio-8888-exec-10] DEBUG c.q.c.s.JwtAuthenticationFilter - Set authentication for user: admin
2026-05-16 10:18:02 [http-nio-8888-exec-1] DEBUG c.q.c.s.JwtAuthenticationFilter - Set authentication for user: admin
2026-05-16 10:18:35 [http-nio-8888-exec-2] DEBUG c.q.c.s.JwtAuthenticationFilter - Set authentication for user: admin
